<?xml version="1.0" encoding="UTF-8"?>
<testng-results ignored="0" total="1" passed="1" failed="0" skipped="0">
  <reporter-output>
  </reporter-output>
  <suite started-at="2019-12-24T22:24:50 NZDT" name="Default suite" finished-at="2019-12-24T22:25:07 NZDT" duration-ms="16407">
    <groups>
    </groups>
    <test started-at="2019-12-24T22:24:50 NZDT" name="Default test" finished-at="2019-12-24T22:25:07 NZDT" duration-ms="16407">
      <class name="com.log4j.test.LoginTest">
        <test-method is-config="true" signature="setup()[pri:0, instance:com.log4j.test.LoginTest@14dd9eb7]" started-at="2019-12-24T22:24:50 NZDT" name="setup" finished-at="2019-12-24T22:25:05 NZDT" duration-ms="15060" status="PASS">
          <reporter-output>
          </reporter-output>
        </test-method> <!-- setup -->
        <test-method signature="loginPageTitleTest()[pri:0, instance:com.log4j.test.LoginTest@14dd9eb7]" started-at="2019-12-24T22:25:05 NZDT" name="loginPageTitleTest" finished-at="2019-12-24T22:25:05 NZDT" duration-ms="43" status="PASS">
          <reporter-output>
          </reporter-output>
        </test-method> <!-- loginPageTitleTest -->
        <test-method is-config="true" signature="tearDown()[pri:0, instance:com.log4j.test.LoginTest@14dd9eb7]" started-at="2019-12-24T22:25:05 NZDT" name="tearDown" finished-at="2019-12-24T22:25:07 NZDT" duration-ms="1245" status="PASS">
          <reporter-output>
          </reporter-output>
        </test-method> <!-- tearDown -->
      </class> <!-- com.log4j.test.LoginTest -->
    </test> <!-- Default test -->
  </suite> <!-- Default suite -->
</testng-results>
